# JRE version: OpenJDK Runtime Environment JBR-21.0.4+13-509.26-jcef (21.0.4+13) (build 21.0.4+13-b509.26)
# Java VM: OpenJDK 64-Bit Server VM JBR-21.0.4+13-509.26-jcef (21.0.4+13-b509.26, mixed mode, tiered, compressed oops, compressed class ptrs, g1 gc, windows-amd64)
GC Precious Log:
 CardTable entry size: 512
 Card Set container configuration: InlinePtr #cards 5 size 8 Array Of Cards #cards 12 size 40 Howl #buckets 4 coarsen threshold 1843 Howl Bitmap #cards 512 size 80 coarsen threshold 460 Card regions per heap region 1 cards per card region 2048
 CPUs: 20 total, 20 available
 Memory: 16068M
 Large Page Support: Disabled
 NUMA Support: Disabled
 Compressed Oops: Enabled (32-bit)
 Heap Region Size: 1M
 Heap Min Capacity: 128M
 Heap Initial Capacity: 128M
 Heap Max Capacity: 2G
 Pre-touch: Disabled
 Parallel Workers: 15
 Concurrent Workers: 4
 Concurrent Refinement Workers: 15
 Periodic GC: Disabled
Heap:
 garbage-first heap   total 131072K, used 29764K [0x0000000080000000, 0x0000000100000000)
  region size 1024K, 19 young (19456K), 0 survivors (0K)
 Metaspace       used 28371K, committed 28800K, reserved 1114112K
  class space    used 2850K, committed 3008K, reserved 1048576K
GC Heap History (11 events):
Event: 1.500 GC heap before
{Heap before GC invocations=0 (full 0):
 garbage-first heap   total 131072K, used 27648K [0x0000000080000000, 0x0000000100000000)
  region size 1024K, 23 young (23552K), 0 survivors (0K)
 Metaspace       used 17410K, committed 17856K, reserved 1114112K
  class space    used 1793K, committed 1984K, reserved 1048576K
}
Event: 1.504 GC heap after
{Heap after GC invocations=1 (full 0):
 garbage-first heap   total 131072K, used 9178K [0x0000000080000000, 0x0000000100000000)
  region size 1024K, 3 young (3072K), 3 survivors (3072K)
 Metaspace       used 17410K, committed 17856K, reserved 1114112K
  class space    used 1793K, committed 1984K, reserved 1048576K
}
Event: 1.674 GC heap before
{Heap before GC invocations=1 (full 0):
 garbage-first heap   total 131072K, used 16346K [0x0000000080000000, 0x0000000100000000)
  region size 1024K, 12 young (12288K), 3 survivors (3072K)
 Metaspace       used 21155K, committed 21504K, reserved 1114112K
  class space    used 2175K, committed 2368K, reserved 1048576K
}
Event: 1.678 GC heap after
{Heap after GC invocations=2 (full 0):
 garbage-first heap   total 131072K, used 11127K [0x0000000080000000, 0x0000000100000000)
  region size 1024K, 2 young (2048K), 2 survivors (2048K)
 Metaspace       used 21155K, committed 21504K, reserved 1114112K
  class space    used 2175K, committed 2368K, reserved 1048576K
}
Event: 3601.687 GC heap before
{Heap before GC invocations=3 (full 0):
 garbage-first heap   total 131072K, used 38775K [0x0000000080000000, 0x0000000100000000)
  region size 1024K, 30 young (30720K), 2 survivors (2048K)
 Metaspace       used 27936K, committed 28288K, reserved 1114112K
  class space    used 2852K, committed 3008K, reserved 1048576K
}
Event: 3601.851 GC heap after
{Heap after GC invocations=4 (full 1):
 garbage-first heap   total 131072K, used 11957K [0x0000000080000000, 0x0000000100000000)
  region size 1024K, 0 young (0K), 0 survivors (0K)
 Metaspace       used 27904K, committed 28288K, reserved 1114112K
  class space    used 2844K, committed 3008K, reserved 1048576K
}
Event: 7201.865 GC heap before
{Heap before GC invocations=4 (full 1):
 garbage-first heap   total 131072K, used 18101K [0x0000000080000000, 0x0000000100000000)
  region size 1024K, 7 young (7168K), 0 survivors (0K)
 Metaspace       used 27908K, committed 28288K, reserved 1114112K
  class space    used 2844K, committed 3008K, reserved 1048576K
}
Event: 7201.960 GC heap after
{Heap after GC invocations=5 (full 2):
 garbage-first heap   total 131072K, used 11331K [0x0000000080000000, 0x0000000100000000)
  region size 1024K, 0 young (0K), 0 survivors (0K)
 Metaspace       used 27709K, committed 28288K, reserved 1114112K
  class space    used 2792K, committed 3008K, reserved 1048576K
}
Event: 10801.964 GC heap before
{Heap before GC invocations=5 (full 2):
 garbage-first heap   total 131072K, used 17475K [0x0000000080000000, 0x0000000100000000)
  region size 1024K, 7 young (7168K), 0 survivors (0K)
 Metaspace       used 27716K, committed 28352K, reserved 1114112K
  class space    used 2792K, committed 3008K, reserved 1048576K
}
Event: 10801.997 GC heap after
{Heap after GC invocations=6 (full 3):
 garbage-first heap   total 131072K, used 11332K [0x0000000080000000, 0x0000000100000000)
  region size 1024K, 0 young (0K), 0 survivors (0K)
 Metaspace       used 27716K, committed 28352K, reserved 1114112K
  class space    used 2792K, committed 3008K, reserved 1048576K
}
Event: 14402.019 GC heap before
{Heap before GC invocations=6 (full 3):
 garbage-first heap   total 131072K, used 29764K [0x0000000080000000, 0x0000000100000000)
  region size 1024K, 19 young (19456K), 0 survivors (0K)
 Metaspace       used 28371K, committed 28800K, reserved 1114112K
  class space    used 2850K, committed 3008K, reserved 1048576K
}

